<?xml version="1.0" encoding="UTF-8"?>
<!-- Generated by org.testng.reporters.JUnitXMLReporter -->
<testsuite ignored="0" hostname="AlamFaleela" failures="0" tests="7" name="BankingApp Test" time="37.3" errors="0" timestamp="08 Jun 2022 15:51:39 GMT">
  <testcase classname="com.inetBanking.testCases.TC_001_LoginTest" name="loginTest" time="1.553"/>
  <testcase classname="com.inetBanking.testCases.TC_001_LoginTest" name="loginTest1" time="2.969"/>
  <testcase classname="com.inetBanking.testCases.TC_002_LoginDDT" name="loginDDT" time="3.879"/>
  <testcase classname="com.inetBanking.testCases.TC_002_LoginDDT" name="loginDDT" time="3.674"/>
  <testcase classname="com.inetBanking.testCases.TC_002_LoginDDT" name="loginDDT" time="3.525"/>
  <testcase classname="com.inetBanking.testCases.TC_002_LoginDDT" name="loginDDT" time="6.045"/>
  <testcase classname="com.inetBanking.testCases.TC_002_LoginDDT" name="loginDDT" time="3.676"/>
</testsuite> <!-- BankingApp Test -->
