<?xml version="1.0" encoding="UTF-8"?>
<!-- Generated by org.testng.reporters.JUnitXMLReporter -->
<testsuite ignored="0" hostname="AlamFaleela" failures="0" tests="7" name="BankingApp Test" time="47.452" errors="0" timestamp="08 Jun 2022 13:44:04 GMT">
  <testcase classname="com.inetBanking.testCases.TC_001_LoginTest" name="loginTest" time="1.83"/>
  <testcase classname="com.inetBanking.testCases.TC_001_LoginTest" name="loginTest1" time="3.478"/>
  <testcase classname="com.inetBanking.testCases.TC_002_LoginDDT" name="loginDDT" time="4.497"/>
  <testcase classname="com.inetBanking.testCases.TC_002_LoginDDT" name="loginDDT" time="5.036"/>
  <testcase classname="com.inetBanking.testCases.TC_002_LoginDDT" name="loginDDT" time="4.2"/>
  <testcase classname="com.inetBanking.testCases.TC_002_LoginDDT" name="loginDDT" time="4.208"/>
  <testcase classname="com.inetBanking.testCases.TC_002_LoginDDT" name="loginDDT" time="4.496"/>
</testsuite> <!-- BankingApp Test -->
