<?xml version="1.0" encoding="UTF-8"?>
<testng-results ignored="0" total="7" passed="7" failed="0" skipped="0">
  <reporter-output>
  </reporter-output>
  <suite started-at="2022-06-08T13:43:16Z" name="InetBankingV1" finished-at="2022-06-08T13:44:04Z" duration-ms="47452">
    <groups>
    </groups>
    <test started-at="2022-06-08T13:43:16Z" name="BankingApp Test" finished-at="2022-06-08T13:44:04Z" duration-ms="47452">
      <class name="com.inetBanking.testCases.TC_001_LoginTest">
        <test-method is-config="true" signature="setUp(java.lang.String)[pri:0, instance:com.inetBanking.testCases.TC_001_LoginTest@30b6ffe0]" started-at="2022-06-08T13:43:16Z" name="setUp" finished-at="2022-06-08T13:43:27Z" duration-ms="10522" status="PASS">
          <params>
            <param index="0">
              <value>
                <![CDATA[chrome]]>
              </value>
            </param>
          </params>
          <reporter-output>
          </reporter-output>
        </test-method> <!-- setUp -->
        <test-method signature="loginTest()[pri:0, instance:com.inetBanking.testCases.TC_001_LoginTest@30b6ffe0]" started-at="2022-06-08T13:43:27Z" name="loginTest" finished-at="2022-06-08T13:43:29Z" duration-ms="1830" status="PASS">
          <reporter-output>
          </reporter-output>
        </test-method> <!-- loginTest -->
        <test-method signature="loginTest1()[pri:0, instance:com.inetBanking.testCases.TC_001_LoginTest@30b6ffe0]" started-at="2022-06-08T13:43:29Z" name="loginTest1" finished-at="2022-06-08T13:43:32Z" duration-ms="3478" status="PASS">
          <reporter-output>
          </reporter-output>
        </test-method> <!-- loginTest1 -->
        <test-method is-config="true" signature="tearDown()[pri:0, instance:com.inetBanking.testCases.TC_001_LoginTest@30b6ffe0]" started-at="2022-06-08T13:43:32Z" name="tearDown" finished-at="2022-06-08T13:43:33Z" duration-ms="696" status="PASS">
          <reporter-output>
          </reporter-output>
        </test-method> <!-- tearDown -->
      </class> <!-- com.inetBanking.testCases.TC_001_LoginTest -->
      <class name="com.inetBanking.testCases.TC_002_LoginDDT">
        <test-method is-config="true" signature="setUp(java.lang.String)[pri:0, instance:com.inetBanking.testCases.TC_002_LoginDDT@791d1f8b]" started-at="2022-06-08T13:43:33Z" name="setUp" finished-at="2022-06-08T13:43:40Z" duration-ms="6570" status="PASS">
          <params>
            <param index="0">
              <value>
                <![CDATA[chrome]]>
              </value>
            </param>
          </params>
          <reporter-output>
          </reporter-output>
        </test-method> <!-- setUp -->
        <test-method signature="loginDDT(java.lang.String, java.lang.String)[pri:0, instance:com.inetBanking.testCases.TC_002_LoginDDT@791d1f8b]" started-at="2022-06-08T13:43:41Z" name="loginDDT" data-provider="loginData" finished-at="2022-06-08T13:43:45Z" duration-ms="4497" status="PASS">
          <params>
            <param index="0">
              <value>
                <![CDATA[mngr411435]]>
              </value>
            </param>
            <param index="1">
              <value>
                <![CDATA[agybatE]]>
              </value>
            </param>
          </params>
          <reporter-output>
          </reporter-output>
        </test-method> <!-- loginDDT -->
        <test-method signature="loginDDT(java.lang.String, java.lang.String)[pri:0, instance:com.inetBanking.testCases.TC_002_LoginDDT@791d1f8b]" started-at="2022-06-08T13:43:45Z" name="loginDDT" data-provider="loginData" finished-at="2022-06-08T13:43:50Z" duration-ms="5036" status="PASS">
          <params>
            <param index="0">
              <value>
                <![CDATA[mngr411435]]>
              </value>
            </param>
            <param index="1">
              <value>
                <![CDATA[agybatE]]>
              </value>
            </param>
          </params>
          <reporter-output>
          </reporter-output>
        </test-method> <!-- loginDDT -->
        <test-method signature="loginDDT(java.lang.String, java.lang.String)[pri:0, instance:com.inetBanking.testCases.TC_002_LoginDDT@791d1f8b]" started-at="2022-06-08T13:43:50Z" name="loginDDT" data-provider="loginData" finished-at="2022-06-08T13:43:54Z" duration-ms="4200" status="PASS">
          <params>
            <param index="0">
              <value>
                <![CDATA[mngr411435]]>
              </value>
            </param>
            <param index="1">
              <value>
                <![CDATA[agybatE]]>
              </value>
            </param>
          </params>
          <reporter-output>
          </reporter-output>
        </test-method> <!-- loginDDT -->
        <test-method signature="loginDDT(java.lang.String, java.lang.String)[pri:0, instance:com.inetBanking.testCases.TC_002_LoginDDT@791d1f8b]" started-at="2022-06-08T13:43:54Z" name="loginDDT" data-provider="loginData" finished-at="2022-06-08T13:43:58Z" duration-ms="4208" status="PASS">
          <params>
            <param index="0">
              <value>
                <![CDATA[mngr411435]]>
              </value>
            </param>
            <param index="1">
              <value>
                <![CDATA[agybatE]]>
              </value>
            </param>
          </params>
          <reporter-output>
          </reporter-output>
        </test-method> <!-- loginDDT -->
        <test-method signature="loginDDT(java.lang.String, java.lang.String)[pri:0, instance:com.inetBanking.testCases.TC_002_LoginDDT@791d1f8b]" started-at="2022-06-08T13:43:58Z" name="loginDDT" data-provider="loginData" finished-at="2022-06-08T13:44:03Z" duration-ms="4496" status="PASS">
          <params>
            <param index="0">
              <value>
                <![CDATA[mngr411435]]>
              </value>
            </param>
            <param index="1">
              <value>
                <![CDATA[agybatE]]>
              </value>
            </param>
          </params>
          <reporter-output>
          </reporter-output>
        </test-method> <!-- loginDDT -->
        <test-method is-config="true" signature="tearDown()[pri:0, instance:com.inetBanking.testCases.TC_002_LoginDDT@791d1f8b]" started-at="2022-06-08T13:44:03Z" name="tearDown" finished-at="2022-06-08T13:44:04Z" duration-ms="770" status="PASS">
          <reporter-output>
          </reporter-output>
        </test-method> <!-- tearDown -->
      </class> <!-- com.inetBanking.testCases.TC_002_LoginDDT -->
    </test> <!-- BankingApp Test -->
  </suite> <!-- InetBankingV1 -->
</testng-results>
