<?xml version="1.0" encoding="UTF-8"?>
<testsuite name="TestSuite" time="8.406" tests="7" errors="0" skipped="0" failures="0">
  <properties>
[...]
</properties>
  <testcase name="loginTest" classname="com.inetBanking.testCases.TC_001_LoginTest" time="1.559"/>
  <testcase name="loginTest1" classname="com.inetBanking.testCases.TC_001_LoginTest" time="2.969"/>
  <testcase name="loginDDT" classname="com.inetBanking.testCases.TC_002_LoginDDT" time="3.878"/>
  <testcase name="loginDDT" classname="com.inetBanking.testCases.TC_002_LoginDDT" time="3.674"/>
  <testcase name="loginDDT" classname="com.inetBanking.testCases.TC_002_LoginDDT" time="3.524"/>
  <testcase name="loginDDT" classname="com.inetBanking.testCases.TC_002_LoginDDT" time="6.045"/>
  <testcase name="loginDDT" classname="com.inetBanking.testCases.TC_002_LoginDDT" time="3.676"/>
</testsuite>