<?xml version="1.0" encoding="UTF-8"?>
<testng-results ignored="0" total="7" passed="7" failed="0" skipped="0">
  <reporter-output>
  </reporter-output>
  <suite started-at="2022-06-08T15:51:01Z" name="InetBankingV1" finished-at="2022-06-08T15:51:39Z" duration-ms="37300">
    <groups>
    </groups>
    <test started-at="2022-06-08T15:51:01Z" name="BankingApp Test" finished-at="2022-06-08T15:51:39Z" duration-ms="37300">
      <class name="com.inetBanking.testCases.TC_001_LoginTest">
        <test-method is-config="true" signature="setUp(java.lang.String)[pri:0, instance:com.inetBanking.testCases.TC_001_LoginTest@30b6ffe0]" started-at="2022-06-08T15:51:01Z" name="setUp" finished-at="2022-06-08T15:51:07Z" duration-ms="5287" status="PASS">
          <params>
            <param index="0">
              <value>
                <![CDATA[chrome]]>
              </value>
            </param>
          </params>
          <reporter-output>
          </reporter-output>
        </test-method> <!-- setUp -->
        <test-method signature="loginTest()[pri:0, instance:com.inetBanking.testCases.TC_001_LoginTest@30b6ffe0]" started-at="2022-06-08T15:51:07Z" name="loginTest" finished-at="2022-06-08T15:51:08Z" duration-ms="1553" status="PASS">
          <reporter-output>
          </reporter-output>
        </test-method> <!-- loginTest -->
        <test-method signature="loginTest1()[pri:0, instance:com.inetBanking.testCases.TC_001_LoginTest@30b6ffe0]" started-at="2022-06-08T15:51:08Z" name="loginTest1" finished-at="2022-06-08T15:51:11Z" duration-ms="2969" status="PASS">
          <reporter-output>
          </reporter-output>
        </test-method> <!-- loginTest1 -->
        <test-method is-config="true" signature="tearDown()[pri:0, instance:com.inetBanking.testCases.TC_001_LoginTest@30b6ffe0]" started-at="2022-06-08T15:51:11Z" name="tearDown" finished-at="2022-06-08T15:51:12Z" duration-ms="610" status="PASS">
          <reporter-output>
          </reporter-output>
        </test-method> <!-- tearDown -->
      </class> <!-- com.inetBanking.testCases.TC_001_LoginTest -->
      <class name="com.inetBanking.testCases.TC_002_LoginDDT">
        <test-method is-config="true" signature="setUp(java.lang.String)[pri:0, instance:com.inetBanking.testCases.TC_002_LoginDDT@791d1f8b]" started-at="2022-06-08T15:51:12Z" name="setUp" finished-at="2022-06-08T15:51:17Z" duration-ms="4781" status="PASS">
          <params>
            <param index="0">
              <value>
                <![CDATA[chrome]]>
              </value>
            </param>
          </params>
          <reporter-output>
          </reporter-output>
        </test-method> <!-- setUp -->
        <test-method signature="loginDDT(java.lang.String, java.lang.String)[pri:0, instance:com.inetBanking.testCases.TC_002_LoginDDT@791d1f8b]" started-at="2022-06-08T15:51:17Z" name="loginDDT" data-provider="loginData" finished-at="2022-06-08T15:51:21Z" duration-ms="3879" status="PASS">
          <params>
            <param index="0">
              <value>
                <![CDATA[mngr411435]]>
              </value>
            </param>
            <param index="1">
              <value>
                <![CDATA[agybatE]]>
              </value>
            </param>
          </params>
          <reporter-output>
          </reporter-output>
        </test-method> <!-- loginDDT -->
        <test-method signature="loginDDT(java.lang.String, java.lang.String)[pri:0, instance:com.inetBanking.testCases.TC_002_LoginDDT@791d1f8b]" started-at="2022-06-08T15:51:21Z" name="loginDDT" data-provider="loginData" finished-at="2022-06-08T15:51:25Z" duration-ms="3674" status="PASS">
          <params>
            <param index="0">
              <value>
                <![CDATA[mngr411435]]>
              </value>
            </param>
            <param index="1">
              <value>
                <![CDATA[agybatE]]>
              </value>
            </param>
          </params>
          <reporter-output>
          </reporter-output>
        </test-method> <!-- loginDDT -->
        <test-method signature="loginDDT(java.lang.String, java.lang.String)[pri:0, instance:com.inetBanking.testCases.TC_002_LoginDDT@791d1f8b]" started-at="2022-06-08T15:51:25Z" name="loginDDT" data-provider="loginData" finished-at="2022-06-08T15:51:28Z" duration-ms="3525" status="PASS">
          <params>
            <param index="0">
              <value>
                <![CDATA[mngr411435]]>
              </value>
            </param>
            <param index="1">
              <value>
                <![CDATA[agybatE]]>
              </value>
            </param>
          </params>
          <reporter-output>
          </reporter-output>
        </test-method> <!-- loginDDT -->
        <test-method signature="loginDDT(java.lang.String, java.lang.String)[pri:0, instance:com.inetBanking.testCases.TC_002_LoginDDT@791d1f8b]" started-at="2022-06-08T15:51:28Z" name="loginDDT" data-provider="loginData" finished-at="2022-06-08T15:51:34Z" duration-ms="6045" status="PASS">
          <params>
            <param index="0">
              <value>
                <![CDATA[mngr411435]]>
              </value>
            </param>
            <param index="1">
              <value>
                <![CDATA[agybatE]]>
              </value>
            </param>
          </params>
          <reporter-output>
          </reporter-output>
        </test-method> <!-- loginDDT -->
        <test-method signature="loginDDT(java.lang.String, java.lang.String)[pri:0, instance:com.inetBanking.testCases.TC_002_LoginDDT@791d1f8b]" started-at="2022-06-08T15:51:34Z" name="loginDDT" data-provider="loginData" finished-at="2022-06-08T15:51:38Z" duration-ms="3676" status="PASS">
          <params>
            <param index="0">
              <value>
                <![CDATA[mngr411435]]>
              </value>
            </param>
            <param index="1">
              <value>
                <![CDATA[agybatE]]>
              </value>
            </param>
          </params>
          <reporter-output>
          </reporter-output>
        </test-method> <!-- loginDDT -->
        <test-method is-config="true" signature="tearDown()[pri:0, instance:com.inetBanking.testCases.TC_002_LoginDDT@791d1f8b]" started-at="2022-06-08T15:51:38Z" name="tearDown" finished-at="2022-06-08T15:51:39Z" duration-ms="616" status="PASS">
          <reporter-output>
          </reporter-output>
        </test-method> <!-- tearDown -->
      </class> <!-- com.inetBanking.testCases.TC_002_LoginDDT -->
    </test> <!-- BankingApp Test -->
  </suite> <!-- InetBankingV1 -->
</testng-results>
